<?xml version="1.0" encoding="UTF-8"?>
<!-- Generated by org.testng.reporters.JUnitReportReporter -->
<testsuite hostname="INSPOLT370" failures="0" tests="2" name="com.tests.TestCases" time="7.153" errors="0" timestamp="2024-03-01T13:13:30 IST" skipped="0">
  <testcase classname="com.tests.TestCases" name="VerifyLoginFunctionality" time="7.104">
    <system-out>
      <![CDATA[Login function tested by chandrakant]]>
    </system-out>
  </testcase> <!-- VerifyLoginFunctionality -->
  <testcase classname="com.tests.TestCases" name="VerifyDashboardPageisDispalyed" time="0.049"/>
  <system-out>
    <![CDATA[Login function tested by chandrakant]]>
  </system-out>
</testsuite> <!-- com.tests.TestCases -->
