<?xml version="1.0" encoding="UTF-8"?>
<!-- Generated by org.testng.reporters.JUnitReportReporter -->
<testsuite hostname="INSPOLT370" failures="0" tests="1" name="com.tests.LoginTest" time="8.328" errors="0" timestamp="2024-02-29T13:49:47 IST" skipped="0">
  <testcase classname="com.tests.LoginTest" name="VerifyLoginFunctionality" time="8.328">
    <system-out>
      <![CDATA[Login function tested by chsandrakant]]>
    </system-out>
  </testcase> <!-- VerifyLoginFunctionality -->
  <system-out>
    <![CDATA[Login function tested by chsandrakant]]>
  </system-out>
</testsuite> <!-- com.tests.LoginTest -->
